\BOOKMARK [0][-]{chapter.1}{\376\377\0001\000\040\000G\000e\000s\000t\000o\000r\000\040\000d\000e\000\040\000t\000e\000x\000t\000o\000s\000\040\000i\000\040\000c\000i\000t\000e\000s\000\040\000"\0000\0002\0006\000A\0003\0000\000C\000\040\000\040\000A\000l\000e\000x\000i\000s\000\040\000R\000i\000c\000o\000\040\000a\000n\000d\000\040\000J\000o\000r\000d\000i\000\040\000R\000o\000m\000e\000r\000o}{}% 1
\BOOKMARK [0][-]{chapter.2}{\376\377\0002\000\040\000C\000l\000a\000s\000s\000\040\000I\000n\000d\000e\000x}{}% 2
\BOOKMARK [1][-]{section.2.1}{\376\377\0002\000.\0001\000\040\000C\000l\000a\000s\000s\000\040\000L\000i\000s\000t}{chapter.2}% 3
\BOOKMARK [0][-]{chapter.3}{\376\377\0003\000\040\000F\000i\000l\000e\000\040\000I\000n\000d\000e\000x}{}% 4
\BOOKMARK [1][-]{section.3.1}{\376\377\0003\000.\0001\000\040\000F\000i\000l\000e\000\040\000L\000i\000s\000t}{chapter.3}% 5
\BOOKMARK [0][-]{chapter.4}{\376\377\0004\000\040\000C\000l\000a\000s\000s\000\040\000D\000o\000c\000u\000m\000e\000n\000t\000a\000t\000i\000o\000n}{}% 6
\BOOKMARK [1][-]{section.4.1}{\376\377\0004\000.\0001\000\040\000A\000u\000t\000h\000o\000r\000\040\000C\000l\000a\000s\000s\000\040\000R\000e\000f\000e\000r\000e\000n\000c\000e}{chapter.4}% 7
\BOOKMARK [2][-]{subsection.4.1.1}{\376\377\0004\000.\0001\000.\0001\000\040\000D\000e\000t\000a\000i\000l\000e\000d\000\040\000D\000e\000s\000c\000r\000i\000p\000t\000i\000o\000n}{section.4.1}% 8
\BOOKMARK [2][-]{subsection.4.1.2}{\376\377\0004\000.\0001\000.\0002\000\040\000C\000o\000n\000s\000t\000r\000u\000c\000t\000o\000r\000\040\000\046\000\040\000D\000e\000s\000t\000r\000u\000c\000t\000o\000r\000\040\000D\000o\000c\000u\000m\000e\000n\000t\000a\000t\000i\000o\000n}{section.4.1}% 9
\BOOKMARK [3][-]{subsubsection.4.1.2.1}{\376\377\0004\000.\0001\000.\0002\000.\0001\000\040\000A\000u\000t\000h\000o\000r}{subsection.4.1.2}% 10
\BOOKMARK [3][-]{subsubsection.4.1.2.2}{\376\377\0004\000.\0001\000.\0002\000.\0002\000\040\000A\000u\000t\000h\000o\000r}{subsection.4.1.2}% 11
\BOOKMARK [3][-]{subsubsection.4.1.2.3}{\376\377\0004\000.\0001\000.\0002\000.\0003\000\040\000A\000u\000t\000h\000o\000r}{subsection.4.1.2}% 12
\BOOKMARK [2][-]{subsection.4.1.3}{\376\377\0004\000.\0001\000.\0003\000\040\000M\000e\000m\000b\000e\000r\000\040\000F\000u\000n\000c\000t\000i\000o\000n\000\040\000D\000o\000c\000u\000m\000e\000n\000t\000a\000t\000i\000o\000n}{section.4.1}% 13
\BOOKMARK [3][-]{subsubsection.4.1.3.1}{\376\377\0004\000.\0001\000.\0003\000.\0001\000\040\000i\000n\000c\000r\000e\000m\000e\000n\000t\000B\000o\000o\000k\000C\000o\000u\000n\000t}{subsection.4.1.3}% 14
\BOOKMARK [3][-]{subsubsection.4.1.3.2}{\376\377\0004\000.\0001\000.\0003\000.\0002\000\040\000i\000n\000c\000r\000e\000m\000e\000n\000t\000L\000i\000n\000e\000C\000o\000u\000n\000t}{subsection.4.1.3}% 15
\BOOKMARK [3][-]{subsubsection.4.1.3.3}{\376\377\0004\000.\0001\000.\0003\000.\0003\000\040\000i\000n\000c\000r\000e\000m\000e\000n\000t\000W\000o\000r\000d\000C\000o\000u\000n\000t}{subsection.4.1.3}% 16
\BOOKMARK [3][-]{subsubsection.4.1.3.4}{\376\377\0004\000.\0001\000.\0003\000.\0004\000\040\000a\000d\000d\000B\000o\000o\000k}{subsection.4.1.3}% 17
\BOOKMARK [3][-]{subsubsection.4.1.3.5}{\376\377\0004\000.\0001\000.\0003\000.\0005\000\040\000a\000d\000d\000Q\000u\000o\000t\000e}{subsection.4.1.3}% 18
\BOOKMARK [3][-]{subsubsection.4.1.3.6}{\376\377\0004\000.\0001\000.\0003\000.\0006\000\040\000d\000e\000l\000e\000t\000e\000B\000o\000o\000k}{subsection.4.1.3}% 19
\BOOKMARK [3][-]{subsubsection.4.1.3.7}{\376\377\0004\000.\0001\000.\0003\000.\0007\000\040\000d\000e\000l\000e\000t\000e\000Q\000u\000o\000t\000e}{subsection.4.1.3}% 20
\BOOKMARK [3][-]{subsubsection.4.1.3.8}{\376\377\0004\000.\0001\000.\0003\000.\0008\000\040\000p\000r\000i\000n\000t\000I\000n\000f\000o\000r\000m\000a\000t\000i\000o\000n}{subsection.4.1.3}% 21
\BOOKMARK [3][-]{subsubsection.4.1.3.9}{\376\377\0004\000.\0001\000.\0003\000.\0009\000\040\000p\000r\000i\000n\000t\000B\000o\000o\000k\000s}{subsection.4.1.3}% 22
\BOOKMARK [3][-]{subsubsection.4.1.3.10}{\376\377\0004\000.\0001\000.\0003\000.\0001\0000\000\040\000p\000r\000i\000n\000t\000Q\000u\000o\000t\000e\000s}{subsection.4.1.3}% 23
\BOOKMARK [2][-]{subsection.4.1.4}{\376\377\0004\000.\0001\000.\0004\000\040\000M\000e\000m\000b\000e\000r\000\040\000D\000a\000t\000a\000\040\000D\000o\000c\000u\000m\000e\000n\000t\000a\000t\000i\000o\000n}{section.4.1}% 24
\BOOKMARK [3][-]{subsubsection.4.1.4.1}{\376\377\0004\000.\0001\000.\0004\000.\0001\000\040\000a\000u\000t\000h\000o\000r\000N\000a\000m\000e}{subsection.4.1.4}% 25
\BOOKMARK [3][-]{subsubsection.4.1.4.2}{\376\377\0004\000.\0001\000.\0004\000.\0002\000\040\000t\000o\000t\000a\000l\000B\000o\000o\000k\000s}{subsection.4.1.4}% 26
\BOOKMARK [3][-]{subsubsection.4.1.4.3}{\376\377\0004\000.\0001\000.\0004\000.\0003\000\040\000t\000o\000t\000a\000l\000L\000i\000n\000e\000s}{subsection.4.1.4}% 27
\BOOKMARK [3][-]{subsubsection.4.1.4.4}{\376\377\0004\000.\0001\000.\0004\000.\0004\000\040\000t\000o\000t\000a\000l\000W\000o\000r\000d\000s}{subsection.4.1.4}% 28
\BOOKMARK [3][-]{subsubsection.4.1.4.5}{\376\377\0004\000.\0001\000.\0004\000.\0005\000\040\000a\000u\000t\000h\000o\000r\000B\000o\000o\000k\000s}{subsection.4.1.4}% 29
\BOOKMARK [3][-]{subsubsection.4.1.4.6}{\376\377\0004\000.\0001\000.\0004\000.\0006\000\040\000a\000u\000t\000h\000o\000r\000Q\000u\000o\000t\000e\000s}{subsection.4.1.4}% 30
\BOOKMARK [1][-]{section.4.2}{\376\377\0004\000.\0002\000\040\000B\000o\000o\000k\000\040\000C\000l\000a\000s\000s\000\040\000R\000e\000f\000e\000r\000e\000n\000c\000e}{chapter.4}% 31
\BOOKMARK [2][-]{subsection.4.2.1}{\376\377\0004\000.\0002\000.\0001\000\040\000D\000e\000t\000a\000i\000l\000e\000d\000\040\000D\000e\000s\000c\000r\000i\000p\000t\000i\000o\000n}{section.4.2}% 32
\BOOKMARK [2][-]{subsection.4.2.2}{\376\377\0004\000.\0002\000.\0002\000\040\000C\000o\000n\000s\000t\000r\000u\000c\000t\000o\000r\000\040\000\046\000\040\000D\000e\000s\000t\000r\000u\000c\000t\000o\000r\000\040\000D\000o\000c\000u\000m\000e\000n\000t\000a\000t\000i\000o\000n}{section.4.2}% 33
\BOOKMARK [3][-]{subsubsection.4.2.2.1}{\376\377\0004\000.\0002\000.\0002\000.\0001\000\040\000B\000o\000o\000k}{subsection.4.2.2}% 34
\BOOKMARK [3][-]{subsubsection.4.2.2.2}{\376\377\0004\000.\0002\000.\0002\000.\0002\000\040\000B\000o\000o\000k}{subsection.4.2.2}% 35
\BOOKMARK [3][-]{subsubsection.4.2.2.3}{\376\377\0004\000.\0002\000.\0002\000.\0003\000\040\000B\000o\000o\000k}{subsection.4.2.2}% 36
\BOOKMARK [2][-]{subsection.4.2.3}{\376\377\0004\000.\0002\000.\0003\000\040\000M\000e\000m\000b\000e\000r\000\040\000F\000u\000n\000c\000t\000i\000o\000n\000\040\000D\000o\000c\000u\000m\000e\000n\000t\000a\000t\000i\000o\000n}{section.4.2}% 37
\BOOKMARK [3][-]{subsubsection.4.2.3.1}{\376\377\0004\000.\0002\000.\0003\000.\0001\000\040\000r\000e\000a\000d\000B\000o\000o\000k\000C\000o\000n\000t\000e\000n\000t}{subsection.4.2.3}% 38
\BOOKMARK [3][-]{subsubsection.4.2.3.2}{\376\377\0004\000.\0002\000.\0003\000.\0002\000\040\000g\000e\000t\000B\000o\000o\000k\000T\000i\000t\000l\000e}{subsection.4.2.3}% 39
\BOOKMARK [3][-]{subsubsection.4.2.3.3}{\376\377\0004\000.\0002\000.\0003\000.\0003\000\040\000g\000e\000t\000A\000u\000t\000h\000o\000r\000N\000a\000m\000e}{subsection.4.2.3}% 40
\BOOKMARK [3][-]{subsubsection.4.2.3.4}{\376\377\0004\000.\0002\000.\0003\000.\0004\000\040\000g\000e\000t\000B\000o\000o\000k\000L\000i\000n\000e\000s}{subsection.4.2.3}% 41
\BOOKMARK [3][-]{subsubsection.4.2.3.5}{\376\377\0004\000.\0002\000.\0003\000.\0005\000\040\000g\000e\000t\000B\000o\000o\000k\000W\000o\000r\000d\000s}{subsection.4.2.3}% 42
\BOOKMARK [3][-]{subsubsection.4.2.3.6}{\376\377\0004\000.\0002\000.\0003\000.\0006\000\040\000r\000e\000p\000l\000a\000c\000e\000W\000o\000r\000d\000s}{subsection.4.2.3}% 43
\BOOKMARK [3][-]{subsubsection.4.2.3.7}{\376\377\0004\000.\0002\000.\0003\000.\0007\000\040\000f\000i\000n\000d\000W\000o\000r\000d}{subsection.4.2.3}% 44
\BOOKMARK [3][-]{subsubsection.4.2.3.8}{\376\377\0004\000.\0002\000.\0003\000.\0008\000\040\000g\000e\000n\000e\000r\000a\000t\000e\000F\000r\000e\000q\000u\000e\000n\000c\000y\000T\000a\000b\000l\000e}{subsection.4.2.3}% 45
\BOOKMARK [3][-]{subsubsection.4.2.3.9}{\376\377\0004\000.\0002\000.\0003\000.\0009\000\040\000p\000r\000i\000n\000t\000I\000n\000f\000o\000r\000m\000a\000t\000i\000o\000n}{subsection.4.2.3}% 46
\BOOKMARK [3][-]{subsubsection.4.2.3.10}{\376\377\0004\000.\0002\000.\0003\000.\0001\0000\000\040\000p\000r\000i\000n\000t\000A\000l\000l\000L\000i\000n\000e\000s}{subsection.4.2.3}% 47
\BOOKMARK [3][-]{subsubsection.4.2.3.11}{\376\377\0004\000.\0002\000.\0003\000.\0001\0001\000\040\000p\000r\000i\000n\000t\000L\000i\000n\000e\000s}{subsection.4.2.3}% 48
\BOOKMARK [3][-]{subsubsection.4.2.3.12}{\376\377\0004\000.\0002\000.\0003\000.\0001\0002\000\040\000p\000r\000i\000n\000t\000S\000e\000l\000e\000c\000t\000L\000i\000n\000e\000s}{subsection.4.2.3}% 49
\BOOKMARK [3][-]{subsubsection.4.2.3.13}{\376\377\0004\000.\0002\000.\0003\000.\0001\0003\000\040\000p\000r\000i\000n\000t\000F\000r\000e\000q\000u\000e\000n\000c\000y\000T\000a\000b\000l\000e}{subsection.4.2.3}% 50
\BOOKMARK [2][-]{subsection.4.2.4}{\376\377\0004\000.\0002\000.\0004\000\040\000M\000e\000m\000b\000e\000r\000\040\000D\000a\000t\000a\000\040\000D\000o\000c\000u\000m\000e\000n\000t\000a\000t\000i\000o\000n}{section.4.2}% 51
\BOOKMARK [3][-]{subsubsection.4.2.4.1}{\376\377\0004\000.\0002\000.\0004\000.\0001\000\040\000a\000u\000t\000h\000o\000r\000N\000a\000m\000e}{subsection.4.2.4}% 52
\BOOKMARK [3][-]{subsubsection.4.2.4.2}{\376\377\0004\000.\0002\000.\0004\000.\0002\000\040\000b\000o\000o\000k\000T\000i\000t\000l\000e}{subsection.4.2.4}% 53
\BOOKMARK [3][-]{subsubsection.4.2.4.3}{\376\377\0004\000.\0002\000.\0004\000.\0003\000\040\000b\000o\000o\000k\000C\000o\000n\000t\000e\000n\000t}{subsection.4.2.4}% 54
\BOOKMARK [3][-]{subsubsection.4.2.4.4}{\376\377\0004\000.\0002\000.\0004\000.\0004\000\040\000w\000o\000r\000d\000D\000i\000c\000t\000i\000o\000n\000a\000r\000y}{subsection.4.2.4}% 55
\BOOKMARK [3][-]{subsubsection.4.2.4.5}{\376\377\0004\000.\0002\000.\0004\000.\0005\000\040\000w\000o\000r\000d\000F\000r\000e\000q\000u\000e\000n\000c\000y\000M\000a\000p}{subsection.4.2.4}% 56
\BOOKMARK [3][-]{subsubsection.4.2.4.6}{\376\377\0004\000.\0002\000.\0004\000.\0006\000\040\000w\000o\000r\000d\000F\000r\000e\000q\000u\000e\000n\000c\000y\000V\000e\000c\000t\000o\000r}{subsection.4.2.4}% 57
\BOOKMARK [3][-]{subsubsection.4.2.4.7}{\376\377\0004\000.\0002\000.\0004\000.\0007\000\040\000b\000o\000o\000k\000W\000o\000r\000d\000s}{subsection.4.2.4}% 58
\BOOKMARK [3][-]{subsubsection.4.2.4.8}{\376\377\0004\000.\0002\000.\0004\000.\0008\000\040\000b\000o\000o\000k\000Q\000u\000o\000t\000e\000s}{subsection.4.2.4}% 59
\BOOKMARK [3][-]{subsubsection.4.2.4.9}{\376\377\0004\000.\0002\000.\0004\000.\0009\000\040\000B\000o\000o\000k}{subsection.4.2.4}% 60
\BOOKMARK [1][-]{section.4.3}{\376\377\0004\000.\0003\000\040\000B\000o\000o\000k\000:\000:\000f\000r\000e\000q\000u\000e\000n\000c\000y\000C\000o\000m\000p\000a\000r\000a\000t\000o\000r\000\040\000S\000t\000r\000u\000c\000t\000\040\000R\000e\000f\000e\000r\000e\000n\000c\000e}{chapter.4}% 61
\BOOKMARK [2][-]{subsection.4.3.1}{\376\377\0004\000.\0003\000.\0001\000\040\000D\000e\000t\000a\000i\000l\000e\000d\000\040\000D\000e\000s\000c\000r\000i\000p\000t\000i\000o\000n}{section.4.3}% 62
\BOOKMARK [2][-]{subsection.4.3.2}{\376\377\0004\000.\0003\000.\0002\000\040\000M\000e\000m\000b\000e\000r\000\040\000F\000u\000n\000c\000t\000i\000o\000n\000\040\000D\000o\000c\000u\000m\000e\000n\000t\000a\000t\000i\000o\000n}{section.4.3}% 63
\BOOKMARK [3][-]{subsubsection.4.3.2.1}{\376\377\0004\000.\0003\000.\0002\000.\0001\000\040\000o\000p\000e\000r\000a\000t\000o\000r\000\050\000\051}{subsection.4.3.2}% 64
\BOOKMARK [1][-]{section.4.4}{\376\377\0004\000.\0004\000\040\000L\000i\000b\000r\000a\000r\000y\000\040\000C\000l\000a\000s\000s\000\040\000R\000e\000f\000e\000r\000e\000n\000c\000e}{chapter.4}% 65
\BOOKMARK [2][-]{subsection.4.4.1}{\376\377\0004\000.\0004\000.\0001\000\040\000D\000e\000t\000a\000i\000l\000e\000d\000\040\000D\000e\000s\000c\000r\000i\000p\000t\000i\000o\000n}{section.4.4}% 66
\BOOKMARK [2][-]{subsection.4.4.2}{\376\377\0004\000.\0004\000.\0002\000\040\000C\000o\000n\000s\000t\000r\000u\000c\000t\000o\000r\000\040\000\046\000\040\000D\000e\000s\000t\000r\000u\000c\000t\000o\000r\000\040\000D\000o\000c\000u\000m\000e\000n\000t\000a\000t\000i\000o\000n}{section.4.4}% 67
\BOOKMARK [3][-]{subsubsection.4.4.2.1}{\376\377\0004\000.\0004\000.\0002\000.\0001\000\040\000L\000i\000b\000r\000a\000r\000y}{subsection.4.4.2}% 68
\BOOKMARK [3][-]{subsubsection.4.4.2.2}{\376\377\0004\000.\0004\000.\0002\000.\0002\000\040\000L\000i\000b\000r\000a\000r\000y}{subsection.4.4.2}% 69
\BOOKMARK [2][-]{subsection.4.4.3}{\376\377\0004\000.\0004\000.\0003\000\040\000M\000e\000m\000b\000e\000r\000\040\000F\000u\000n\000c\000t\000i\000o\000n\000\040\000D\000o\000c\000u\000m\000e\000n\000t\000a\000t\000i\000o\000n}{section.4.4}% 70
\BOOKMARK [3][-]{subsubsection.4.4.3.1}{\376\377\0004\000.\0004\000.\0003\000.\0001\000\040\000r\000e\000a\000d\000B\000o\000o\000k}{subsection.4.4.3}% 71
\BOOKMARK [3][-]{subsubsection.4.4.3.2}{\376\377\0004\000.\0004\000.\0003\000.\0002\000\040\000i\000s\000B\000o\000o\000k\000S\000e\000l\000e\000c\000t\000e\000d}{subsection.4.4.3}% 72
\BOOKMARK [3][-]{subsubsection.4.4.3.3}{\376\377\0004\000.\0004\000.\0003\000.\0003\000\040\000s\000e\000l\000e\000c\000t\000B\000o\000o\000k}{subsection.4.4.3}% 73
\BOOKMARK [3][-]{subsubsection.4.4.3.4}{\376\377\0004\000.\0004\000.\0003\000.\0004\000\040\000d\000e\000l\000e\000t\000e\000B\000o\000o\000k}{subsection.4.4.3}% 74
\BOOKMARK [3][-]{subsubsection.4.4.3.5}{\376\377\0004\000.\0004\000.\0003\000.\0005\000\040\000r\000e\000p\000l\000a\000c\000e\000W\000o\000r\000d\000s\000O\000n\000B\000o\000o\000k}{subsection.4.4.3}% 75
\BOOKMARK [3][-]{subsubsection.4.4.3.6}{\376\377\0004\000.\0004\000.\0003\000.\0006\000\040\000d\000e\000l\000e\000t\000e\000Q\000u\000o\000t\000e}{subsection.4.4.3}% 76
\BOOKMARK [3][-]{subsubsection.4.4.3.7}{\376\377\0004\000.\0004\000.\0003\000.\0007\000\040\000g\000e\000t\000B\000o\000o\000k}{subsection.4.4.3}% 77
\BOOKMARK [3][-]{subsubsection.4.4.3.8}{\376\377\0004\000.\0004\000.\0003\000.\0008\000\040\000g\000e\000t\000Q\000u\000o\000t\000e}{subsection.4.4.3}% 78
\BOOKMARK [3][-]{subsubsection.4.4.3.9}{\376\377\0004\000.\0004\000.\0003\000.\0009\000\040\000p\000r\000i\000n\000t\000A\000u\000t\000h\000o\000r\000s}{subsection.4.4.3}% 79
\BOOKMARK [3][-]{subsubsection.4.4.3.10}{\376\377\0004\000.\0004\000.\0003\000.\0001\0000\000\040\000p\000r\000i\000n\000t\000B\000o\000o\000k\000s}{subsection.4.4.3}% 80
\BOOKMARK [3][-]{subsubsection.4.4.3.11}{\376\377\0004\000.\0004\000.\0003\000.\0001\0001\000\040\000p\000r\000i\000n\000t\000Q\000u\000o\000t\000e\000s}{subsection.4.4.3}% 81
\BOOKMARK [3][-]{subsubsection.4.4.3.12}{\376\377\0004\000.\0004\000.\0003\000.\0001\0002\000\040\000p\000r\000i\000n\000t\000B\000o\000o\000k\000s\000B\000y\000A\000u\000t\000h\000o\000r}{subsection.4.4.3}% 82
\BOOKMARK [3][-]{subsubsection.4.4.3.13}{\376\377\0004\000.\0004\000.\0003\000.\0001\0003\000\040\000p\000r\000i\000n\000t\000Q\000u\000o\000t\000e\000s\000B\000y\000A\000u\000t\000h\000o\000r}{subsection.4.4.3}% 83
\BOOKMARK [2][-]{subsection.4.4.4}{\376\377\0004\000.\0004\000.\0004\000\040\000M\000e\000m\000b\000e\000r\000\040\000D\000a\000t\000a\000\040\000D\000o\000c\000u\000m\000e\000n\000t\000a\000t\000i\000o\000n}{section.4.4}% 84
\BOOKMARK [3][-]{subsubsection.4.4.4.1}{\376\377\0004\000.\0004\000.\0004\000.\0001\000\040\000b\000o\000o\000k\000C\000o\000l\000l\000e\000c\000t\000i\000o\000n}{subsection.4.4.4}% 85
\BOOKMARK [3][-]{subsubsection.4.4.4.2}{\376\377\0004\000.\0004\000.\0004\000.\0002\000\040\000a\000u\000t\000h\000o\000r\000C\000o\000l\000l\000e\000c\000t\000i\000o\000n}{subsection.4.4.4}% 86
\BOOKMARK [3][-]{subsubsection.4.4.4.3}{\376\377\0004\000.\0004\000.\0004\000.\0003\000\040\000q\000u\000o\000t\000e\000C\000o\000l\000l\000e\000c\000t\000i\000o\000n}{subsection.4.4.4}% 87
\BOOKMARK [3][-]{subsubsection.4.4.4.4}{\376\377\0004\000.\0004\000.\0004\000.\0004\000\040\000c\000u\000r\000r\000e\000n\000t\000B\000o\000o\000k}{subsection.4.4.4}% 88
\BOOKMARK [1][-]{section.4.5}{\376\377\0004\000.\0005\000\040\000Q\000u\000o\000t\000e\000\040\000C\000l\000a\000s\000s\000\040\000R\000e\000f\000e\000r\000e\000n\000c\000e}{chapter.4}% 89
\BOOKMARK [2][-]{subsection.4.5.1}{\376\377\0004\000.\0005\000.\0001\000\040\000D\000e\000t\000a\000i\000l\000e\000d\000\040\000D\000e\000s\000c\000r\000i\000p\000t\000i\000o\000n}{section.4.5}% 90
\BOOKMARK [2][-]{subsection.4.5.2}{\376\377\0004\000.\0005\000.\0002\000\040\000C\000o\000n\000s\000t\000r\000u\000c\000t\000o\000r\000\040\000\046\000\040\000D\000e\000s\000t\000r\000u\000c\000t\000o\000r\000\040\000D\000o\000c\000u\000m\000e\000n\000t\000a\000t\000i\000o\000n}{section.4.5}% 91
\BOOKMARK [3][-]{subsubsection.4.5.2.1}{\376\377\0004\000.\0005\000.\0002\000.\0001\000\040\000Q\000u\000o\000t\000e}{subsection.4.5.2}% 92
\BOOKMARK [3][-]{subsubsection.4.5.2.2}{\376\377\0004\000.\0005\000.\0002\000.\0002\000\040\000Q\000u\000o\000t\000e}{subsection.4.5.2}% 93
\BOOKMARK [3][-]{subsubsection.4.5.2.3}{\376\377\0004\000.\0005\000.\0002\000.\0003\000\040\000Q\000u\000o\000t\000e}{subsection.4.5.2}% 94
\BOOKMARK [2][-]{subsection.4.5.3}{\376\377\0004\000.\0005\000.\0003\000\040\000M\000e\000m\000b\000e\000r\000\040\000F\000u\000n\000c\000t\000i\000o\000n\000\040\000D\000o\000c\000u\000m\000e\000n\000t\000a\000t\000i\000o\000n}{section.4.5}% 95
\BOOKMARK [3][-]{subsubsection.4.5.3.1}{\376\377\0004\000.\0005\000.\0003\000.\0001\000\040\000p\000r\000i\000n\000t\000I\000n\000f\000o\000r\000m\000a\000t\000i\000o\000n}{subsection.4.5.3}% 96
\BOOKMARK [3][-]{subsubsection.4.5.3.2}{\376\377\0004\000.\0005\000.\0003\000.\0002\000\040\000s\000e\000t\000Q\000u\000o\000t\000e\000L\000i\000n\000e\000s}{subsection.4.5.3}% 97
\BOOKMARK [3][-]{subsubsection.4.5.3.3}{\376\377\0004\000.\0005\000.\0003\000.\0003\000\040\000s\000e\000t\000C\000o\000n\000t\000e\000n\000t}{subsection.4.5.3}% 98
\BOOKMARK [2][-]{subsection.4.5.4}{\376\377\0004\000.\0005\000.\0004\000\040\000M\000e\000m\000b\000e\000r\000\040\000D\000a\000t\000a\000\040\000D\000o\000c\000u\000m\000e\000n\000t\000a\000t\000i\000o\000n}{section.4.5}% 99
\BOOKMARK [3][-]{subsubsection.4.5.4.1}{\376\377\0004\000.\0005\000.\0004\000.\0001\000\040\000q\000u\000o\000t\000e\000R\000e\000f\000e\000r\000e\000n\000c\000e}{subsection.4.5.4}% 100
\BOOKMARK [3][-]{subsubsection.4.5.4.2}{\376\377\0004\000.\0005\000.\0004\000.\0002\000\040\000q\000u\000o\000t\000e\000A\000u\000t\000h\000o\000r}{subsection.4.5.4}% 101
\BOOKMARK [3][-]{subsubsection.4.5.4.3}{\376\377\0004\000.\0005\000.\0004\000.\0003\000\040\000q\000u\000o\000t\000e\000B\000o\000o\000k}{subsection.4.5.4}% 102
\BOOKMARK [3][-]{subsubsection.4.5.4.4}{\376\377\0004\000.\0005\000.\0004\000.\0004\000\040\000q\000u\000o\000t\000e\000S\000t\000a\000r\000t}{subsection.4.5.4}% 103
\BOOKMARK [3][-]{subsubsection.4.5.4.5}{\376\377\0004\000.\0005\000.\0004\000.\0005\000\040\000q\000u\000o\000t\000e\000E\000n\000d}{subsection.4.5.4}% 104
\BOOKMARK [3][-]{subsubsection.4.5.4.6}{\376\377\0004\000.\0005\000.\0004\000.\0006\000\040\000q\000u\000o\000t\000e\000C\000o\000n\000t\000e\000n\000t}{subsection.4.5.4}% 105
\BOOKMARK [0][-]{chapter.5}{\376\377\0005\000\040\000F\000i\000l\000e\000\040\000D\000o\000c\000u\000m\000e\000n\000t\000a\000t\000i\000o\000n}{}% 106
\BOOKMARK [1][-]{section.5.1}{\376\377\0005\000.\0001\000\040\000A\000u\000t\000h\000o\000r\000.\000h\000h\000\040\000F\000i\000l\000e\000\040\000R\000e\000f\000e\000r\000e\000n\000c\000e}{chapter.5}% 107
\BOOKMARK [2][-]{subsection.5.1.1}{\376\377\0005\000.\0001\000.\0001\000\040\000D\000e\000t\000a\000i\000l\000e\000d\000\040\000D\000e\000s\000c\000r\000i\000p\000t\000i\000o\000n}{section.5.1}% 108
\BOOKMARK [1][-]{section.5.2}{\376\377\0005\000.\0002\000\040\000B\000o\000o\000k\000.\000h\000h\000\040\000F\000i\000l\000e\000\040\000R\000e\000f\000e\000r\000e\000n\000c\000e}{chapter.5}% 109
\BOOKMARK [2][-]{subsection.5.2.1}{\376\377\0005\000.\0002\000.\0001\000\040\000D\000e\000t\000a\000i\000l\000e\000d\000\040\000D\000e\000s\000c\000r\000i\000p\000t\000i\000o\000n}{section.5.2}% 110
\BOOKMARK [1][-]{section.5.3}{\376\377\0005\000.\0003\000\040\000L\000i\000b\000r\000a\000r\000y\000.\000h\000h\000\040\000F\000i\000l\000e\000\040\000R\000e\000f\000e\000r\000e\000n\000c\000e}{chapter.5}% 111
\BOOKMARK [2][-]{subsection.5.3.1}{\376\377\0005\000.\0003\000.\0001\000\040\000D\000e\000t\000a\000i\000l\000e\000d\000\040\000D\000e\000s\000c\000r\000i\000p\000t\000i\000o\000n}{section.5.3}% 112
\BOOKMARK [1][-]{section.5.4}{\376\377\0005\000.\0004\000\040\000m\000a\000i\000n\000.\000c\000c\000\040\000F\000i\000l\000e\000\040\000R\000e\000f\000e\000r\000e\000n\000c\000e}{chapter.5}% 113
\BOOKMARK [2][-]{subsection.5.4.1}{\376\377\0005\000.\0004\000.\0001\000\040\000D\000e\000t\000a\000i\000l\000e\000d\000\040\000D\000e\000s\000c\000r\000i\000p\000t\000i\000o\000n}{section.5.4}% 114
\BOOKMARK [2][-]{subsection.5.4.2}{\376\377\0005\000.\0004\000.\0002\000\040\000F\000u\000n\000c\000t\000i\000o\000n\000\040\000D\000o\000c\000u\000m\000e\000n\000t\000a\000t\000i\000o\000n}{section.5.4}% 115
\BOOKMARK [3][-]{subsubsection.5.4.2.1}{\376\377\0005\000.\0004\000.\0002\000.\0001\000\040\000s\000t\000a\000r\000t\000s\000W\000i\000t\000h}{subsection.5.4.2}% 116
\BOOKMARK [3][-]{subsubsection.5.4.2.2}{\376\377\0005\000.\0004\000.\0002\000.\0002\000\040\000r\000e\000a\000d\000A\000c\000t\000i\000o\000n\000s}{subsection.5.4.2}% 117
\BOOKMARK [3][-]{subsubsection.5.4.2.3}{\376\377\0005\000.\0004\000.\0002\000.\0003\000\040\000m\000a\000i\000n}{subsection.5.4.2}% 118
\BOOKMARK [2][-]{subsection.5.4.3}{\376\377\0005\000.\0004\000.\0003\000\040\000V\000a\000r\000i\000a\000b\000l\000e\000\040\000D\000o\000c\000u\000m\000e\000n\000t\000a\000t\000i\000o\000n}{section.5.4}% 119
\BOOKMARK [3][-]{subsubsection.5.4.3.1}{\376\377\0005\000.\0004\000.\0003\000.\0001\000\040\000B\000O\000O\000K\000\137\000I\000N\000S\000E\000R\000T}{subsection.5.4.3}% 120
\BOOKMARK [3][-]{subsubsection.5.4.3.2}{\376\377\0005\000.\0004\000.\0003\000.\0002\000\040\000B\000O\000O\000K\000\137\000D\000E\000L\000E\000T\000E}{subsection.5.4.3}% 121
\BOOKMARK [3][-]{subsubsection.5.4.3.3}{\376\377\0005\000.\0004\000.\0003\000.\0003\000\040\000B\000O\000O\000K\000\137\000S\000E\000L\000E\000C\000T}{subsection.5.4.3}% 122
\BOOKMARK [3][-]{subsubsection.5.4.3.4}{\376\377\0005\000.\0004\000.\0003\000.\0004\000\040\000B\000O\000O\000K\000\137\000R\000E\000P\000L\000A\000C\000E\000\137\000W\000O\000R\000D}{subsection.5.4.3}% 123
\BOOKMARK [3][-]{subsubsection.5.4.3.5}{\376\377\0005\000.\0004\000.\0003\000.\0005\000\040\000Q\000U\000O\000T\000E\000\137\000I\000N\000S\000E\000R\000T}{subsection.5.4.3}% 124
\BOOKMARK [3][-]{subsubsection.5.4.3.6}{\376\377\0005\000.\0004\000.\0003\000.\0006\000\040\000Q\000U\000O\000T\000E\000\137\000D\000E\000L\000E\000T\000E}{subsection.5.4.3}% 125
\BOOKMARK [3][-]{subsubsection.5.4.3.7}{\376\377\0005\000.\0004\000.\0003\000.\0007\000\040\000Q\000U\000E\000R\000Y\000\137\000A\000U\000T\000H\000O\000R\000S}{subsection.5.4.3}% 126
\BOOKMARK [3][-]{subsubsection.5.4.3.8}{\376\377\0005\000.\0004\000.\0003\000.\0008\000\040\000Q\000U\000E\000R\000Y\000\137\000B\000O\000O\000K\000S\000\137\000A\000L\000L}{subsection.5.4.3}% 127
\BOOKMARK [3][-]{subsubsection.5.4.3.9}{\376\377\0005\000.\0004\000.\0003\000.\0009\000\040\000Q\000U\000E\000R\000Y\000\137\000B\000O\000O\000K\000S\000\137\000B\000Y\000\137\000A\000U\000T\000H\000O\000R}{subsection.5.4.3}% 128
\BOOKMARK [3][-]{subsubsection.5.4.3.10}{\376\377\0005\000.\0004\000.\0003\000.\0001\0000\000\040\000Q\000U\000E\000R\000Y\000\137\000C\000U\000R\000R\000E\000N\000T\000\137\000A\000U\000T\000H\000O\000R}{subsection.5.4.3}% 129
\BOOKMARK [3][-]{subsubsection.5.4.3.11}{\376\377\0005\000.\0004\000.\0003\000.\0001\0001\000\040\000Q\000U\000E\000R\000Y\000\137\000C\000U\000R\000R\000E\000N\000T\000\137\000C\000O\000N\000T\000E\000N\000T}{subsection.5.4.3}% 130
\BOOKMARK [3][-]{subsubsection.5.4.3.12}{\376\377\0005\000.\0004\000.\0003\000.\0001\0002\000\040\000Q\000U\000E\000R\000Y\000\137\000C\000U\000R\000R\000E\000N\000T\000\137\000I\000N\000F\000O}{subsection.5.4.3}% 131
\BOOKMARK [3][-]{subsubsection.5.4.3.13}{\376\377\0005\000.\0004\000.\0003\000.\0001\0003\000\040\000Q\000U\000E\000R\000Y\000\137\000C\000U\000R\000R\000E\000N\000T\000\137\000E\000X\000P\000R\000E\000S\000I\000O\000N}{subsection.5.4.3}% 132
\BOOKMARK [3][-]{subsubsection.5.4.3.14}{\376\377\0005\000.\0004\000.\0003\000.\0001\0004\000\040\000Q\000U\000E\000R\000Y\000\137\000C\000U\000R\000R\000E\000N\000T\000\137\000L\000I\000N\000E\000S}{subsection.5.4.3}% 133
\BOOKMARK [3][-]{subsubsection.5.4.3.15}{\376\377\0005\000.\0004\000.\0003\000.\0001\0005\000\040\000Q\000U\000E\000R\000Y\000\137\000C\000U\000R\000R\000E\000N\000T\000\137\000W\000O\000R\000D\000S}{subsection.5.4.3}% 134
\BOOKMARK [3][-]{subsubsection.5.4.3.16}{\376\377\0005\000.\0004\000.\0003\000.\0001\0006\000\040\000Q\000U\000E\000R\000Y\000\137\000C\000U\000R\000R\000E\000N\000T\000\137\000F\000R\000E\000Q\000U\000E\000N\000C\000Y}{subsection.5.4.3}% 135
\BOOKMARK [3][-]{subsubsection.5.4.3.17}{\376\377\0005\000.\0004\000.\0003\000.\0001\0007\000\040\000Q\000U\000E\000R\000Y\000\137\000C\000U\000R\000R\000E\000N\000T\000\137\000Q\000U\000O\000T\000E\000S}{subsection.5.4.3}% 136
\BOOKMARK [3][-]{subsubsection.5.4.3.18}{\376\377\0005\000.\0004\000.\0003\000.\0001\0008\000\040\000Q\000U\000E\000R\000Y\000\137\000Q\000U\000O\000T\000E\000S\000\137\000A\000L\000L}{subsection.5.4.3}% 137
\BOOKMARK [3][-]{subsubsection.5.4.3.19}{\376\377\0005\000.\0004\000.\0003\000.\0001\0009\000\040\000Q\000U\000E\000R\000Y\000\137\000Q\000U\000O\000T\000E\000S\000\137\000B\000Y\000\137\000A\000U\000T\000H\000O\000R}{subsection.5.4.3}% 138
\BOOKMARK [3][-]{subsubsection.5.4.3.20}{\376\377\0005\000.\0004\000.\0003\000.\0002\0000\000\040\000Q\000U\000E\000R\000Y\000\137\000Q\000U\000O\000T\000E\000\137\000I\000N\000F\000O}{subsection.5.4.3}% 139
\BOOKMARK [3][-]{subsubsection.5.4.3.21}{\376\377\0005\000.\0004\000.\0003\000.\0002\0001\000\040\000Q\000U\000I\000T}{subsection.5.4.3}% 140
\BOOKMARK [1][-]{section.5.5}{\376\377\0005\000.\0005\000\040\000Q\000u\000o\000t\000e\000.\000h\000h\000\040\000F\000i\000l\000e\000\040\000R\000e\000f\000e\000r\000e\000n\000c\000e}{chapter.5}% 141
\BOOKMARK [2][-]{subsection.5.5.1}{\376\377\0005\000.\0005\000.\0001\000\040\000D\000e\000t\000a\000i\000l\000e\000d\000\040\000D\000e\000s\000c\000r\000i\000p\000t\000i\000o\000n}{section.5.5}% 142
\BOOKMARK [0][-]{section*.19}{\376\377\000I\000n\000d\000e\000x}{}% 143
